# JRE version: Java(TM) SE Runtime Environment (8.0_162-b12) (build 1.8.0_162-b12)
# Java VM: Java HotSpot(TM) 64-Bit Server VM (25.162-b12 mixed mode windows-amd64 compressed oops)
Heap:
 PSYoungGen      total 107520K, used 49522K [0x00000000eab00000, 0x00000000f4180000, 0x0000000100000000)
  eden space 94208K, 38% used [0x00000000eab00000,0x00000000ece63150,0x00000000f0700000)
  from space 13312K, 99% used [0x00000000f0700000,0x00000000f13f9a90,0x00000000f1400000)
  to   space 15360K, 0% used [0x00000000f3280000,0x00000000f3280000,0x00000000f4180000)
 ParOldGen       total 95744K, used 18643K [0x00000000c0000000, 0x00000000c5d80000, 0x00000000eab00000)
  object space 95744K, 19% used [0x00000000c0000000,0x00000000c1234e80,0x00000000c5d80000)
 Metaspace       used 49150K, capacity 50222K, committed 50480K, reserved 1093632K
  class space    used 6777K, capacity 7107K, committed 7216K, reserved 1048576K
GC Heap History (10 events):
Event: 16.371 GC heap before
{Heap before GC invocations=9 (full 1):
 PSYoungGen      total 70656K, used 66655K [0x00000000eab00000, 0x00000000f0a00000, 0x0000000100000000)
  eden space 59904K, 100% used [0x00000000eab00000,0x00000000ee580000,0x00000000ee580000)
  from space 10752K, 62% used [0x00000000ee580000,0x00000000eec17e18,0x00000000ef000000)
  to   space 10240K, 0% used [0x00000000f0000000,0x00000000f0000000,0x00000000f0a00000)
 ParOldGen       total 64000K, used 9235K [0x00000000c0000000, 0x00000000c3e80000, 0x00000000eab00000)
  object space 64000K, 14% used [0x00000000c0000000,0x00000000c0904ea8,0x00000000c3e80000)
 Metaspace       used 30556K, capacity 30950K, committed 31152K, reserved 1075200K
  class space    used 4341K, capacity 4506K, committed 4528K, reserved 1048576K
Event: 16.382 GC heap after
Heap after GC invocations=9 (full 1):
 PSYoungGen      total 86016K, used 8999K [0x00000000eab00000, 0x00000000f1600000, 0x0000000100000000)
  eden space 75776K, 0% used [0x00000000eab00000,0x00000000eab00000,0x00000000ef500000)
  from space 10240K, 87% used [0x00000000f0000000,0x00000000f08c9f88,0x00000000f0a00000)
  to   space 11264K, 0% used [0x00000000ef500000,0x00000000ef500000,0x00000000f0000000)
 ParOldGen       total 64000K, used 9243K [0x00000000c0000000, 0x00000000c3e80000, 0x00000000eab00000)
  object space 64000K, 14% used [0x00000000c0000000,0x00000000c0906ea8,0x00000000c3e80000)
 Metaspace       used 30556K, capacity 30950K, committed 31152K, reserved 1075200K
  class space    used 4341K, capacity 4506K, committed 4528K, reserved 1048576K
}
Event: 18.002 GC heap before
{Heap before GC invocations=10 (full 1):
 PSYoungGen      total 86016K, used 39144K [0x00000000eab00000, 0x00000000f1600000, 0x0000000100000000)
  eden space 75776K, 39% used [0x00000000eab00000,0x00000000ec870270,0x00000000ef500000)
  from space 10240K, 87% used [0x00000000f0000000,0x00000000f08c9f88,0x00000000f0a00000)
  to   space 11264K, 0% used [0x00000000ef500000,0x00000000ef500000,0x00000000f0000000)
 ParOldGen       total 64000K, used 9243K [0x00000000c0000000, 0x00000000c3e80000, 0x00000000eab00000)
  object space 64000K, 14% used [0x00000000c0000000,0x00000000c0906ea8,0x00000000c3e80000)
 Metaspace       used 34705K, capacity 35246K, committed 35496K, reserved 1079296K
  class space    used 4886K, capacity 5107K, committed 5168K, reserved 1048576K
Event: 18.012 GC heap after
Heap after GC invocations=10 (full 1):
 PSYoungGen      total 87040K, used 9506K [0x00000000eab00000, 0x00000000f1f80000, 0x0000000100000000)
  eden space 75776K, 0% used [0x00000000eab00000,0x00000000eab00000,0x00000000ef500000)
  from space 11264K, 84% used [0x00000000ef500000,0x00000000efe48bc8,0x00000000f0000000)
  to   space 11776K, 0% used [0x00000000f1400000,0x00000000f1400000,0x00000000f1f80000)
 ParOldGen       total 64000K, used 9251K [0x00000000c0000000, 0x00000000c3e80000, 0x00000000eab00000)
  object space 64000K, 14% used [0x00000000c0000000,0x00000000c0908ea8,0x00000000c3e80000)
 Metaspace       used 34705K, capacity 35246K, committed 35496K, reserved 1079296K
  class space    used 4886K, capacity 5107K, committed 5168K, reserved 1048576K
}
Event: 18.012 GC heap before
{Heap before GC invocations=11 (full 2):
 PSYoungGen      total 87040K, used 9506K [0x00000000eab00000, 0x00000000f1f80000, 0x0000000100000000)
  eden space 75776K, 0% used [0x00000000eab00000,0x00000000eab00000,0x00000000ef500000)
  from space 11264K, 84% used [0x00000000ef500000,0x00000000efe48bc8,0x00000000f0000000)
  to   space 11776K, 0% used [0x00000000f1400000,0x00000000f1400000,0x00000000f1f80000)
 ParOldGen       total 64000K, used 9251K [0x00000000c0000000, 0x00000000c3e80000, 0x00000000eab00000)
  object space 64000K, 14% used [0x00000000c0000000,0x00000000c0908ea8,0x00000000c3e80000)
 Metaspace       used 34705K, capacity 35246K, committed 35496K, reserved 1079296K
  class space    used 4886K, capacity 5107K, committed 5168K, reserved 1048576K
Event: 18.092 GC heap after
Heap after GC invocations=11 (full 2):
 PSYoungGen      total 87040K, used 0K [0x00000000eab00000, 0x00000000f1f80000, 0x0000000100000000)
  eden space 75776K, 0% used [0x00000000eab00000,0x00000000eab00000,0x00000000ef500000)
  from space 11264K, 0% used [0x00000000ef500000,0x00000000ef500000,0x00000000f0000000)
  to   space 11776K, 0% used [0x00000000f1400000,0x00000000f1400000,0x00000000f1f80000)
 ParOldGen       total 95744K, used 16250K [0x00000000c0000000, 0x00000000c5d80000, 0x00000000eab00000)
  object space 95744K, 16% used [0x00000000c0000000,0x00000000c0fde990,0x00000000c5d80000)
 Metaspace       used 34705K, capacity 35246K, committed 35496K, reserved 1079296K
  class space    used 4886K, capacity 5107K, committed 5168K, reserved 1048576K
}
Event: 19.561 GC heap before
{Heap before GC invocations=12 (full 2):
 PSYoungGen      total 87040K, used 75776K [0x00000000eab00000, 0x00000000f1f80000, 0x0000000100000000)
  eden space 75776K, 100% used [0x00000000eab00000,0x00000000ef500000,0x00000000ef500000)
  from space 11264K, 0% used [0x00000000ef500000,0x00000000ef500000,0x00000000f0000000)
  to   space 11776K, 0% used [0x00000000f1400000,0x00000000f1400000,0x00000000f1f80000)
 ParOldGen       total 95744K, used 16250K [0x00000000c0000000, 0x00000000c5d80000, 0x00000000eab00000)
  object space 95744K, 16% used [0x00000000c0000000,0x00000000c0fde990,0x00000000c5d80000)
 Metaspace       used 41480K, capacity 42168K, committed 42672K, reserved 1085440K
  class space    used 5741K, capacity 5971K, committed 6064K, reserved 1048576K
Event: 19.578 GC heap after
Heap after GC invocations=12 (full 2):
 PSYoungGen      total 105984K, used 11759K [0x00000000eab00000, 0x00000000f2680000, 0x0000000100000000)
  eden space 94208K, 0% used [0x00000000eab00000,0x00000000eab00000,0x00000000f0700000)
  from space 11776K, 99% used [0x00000000f1400000,0x00000000f1f7bed0,0x00000000f1f80000)
  to   space 13312K, 0% used [0x00000000f0700000,0x00000000f0700000,0x00000000f1400000)
 ParOldGen       total 95744K, used 16542K [0x00000000c0000000, 0x00000000c5d80000, 0x00000000eab00000)
  object space 95744K, 17% used [0x00000000c0000000,0x00000000c1027b20,0x00000000c5d80000)
 Metaspace       used 41480K, capacity 42168K, committed 42672K, reserved 1085440K
  class space    used 5741K, capacity 5971K, committed 6064K, reserved 1048576K
}
Event: 22.264 GC heap before
{Heap before GC invocations=13 (full 2):
 PSYoungGen      total 105984K, used 105967K [0x00000000eab00000, 0x00000000f2680000, 0x0000000100000000)
  eden space 94208K, 100% used [0x00000000eab00000,0x00000000f0700000,0x00000000f0700000)
  from space 11776K, 99% used [0x00000000f1400000,0x00000000f1f7bed0,0x00000000f1f80000)
  to   space 13312K, 0% used [0x00000000f0700000,0x00000000f0700000,0x00000000f1400000)
 ParOldGen       total 95744K, used 16542K [0x00000000c0000000, 0x00000000c5d80000, 0x00000000eab00000)
  object space 95744K, 17% used [0x00000000c0000000,0x00000000c1027b20,0x00000000c5d80000)
 Metaspace       used 46910K, capacity 47950K, committed 48048K, reserved 1091584K
  class space    used 6468K, capacity 6819K, committed 6832K, reserved 1048576K
Event: 22.285 GC heap after
Heap after GC invocations=13 (full 2):
 PSYoungGen      total 107520K, used 13286K [0x00000000eab00000, 0x00000000f4180000, 0x0000000100000000)
  eden space 94208K, 0% used [0x00000000eab00000,0x00000000eab00000,0x00000000f0700000)
  from space 13312K, 99% used [0x00000000f0700000,0x00000000f13f9a90,0x00000000f1400000)
  to   space 15360K, 0% used [0x00000000f3280000,0x00000000f3280000,0x00000000f4180000)
 ParOldGen       total 95744K, used 18643K [0x00000000c0000000, 0x00000000c5d80000, 0x00000000eab00000)
  object space 95744K, 19% used [0x00000000c0000000,0x00000000c1234e80,0x00000000c5d80000)
 Metaspace       used 46910K, capacity 47950K, committed 48048K, reserved 1091584K
  class space    used 6468K, capacity 6819K, committed 6832K, reserved 1048576K
}

