# JRE version: Java(TM) SE Runtime Environment (8.0_162-b12) (build 1.8.0_162-b12)
# Java VM: Java HotSpot(TM) 64-Bit Server VM (25.162-b12 mixed mode windows-amd64 compressed oops)
Heap:
 PSYoungGen      total 43520K, used 9951K [0x00000000eab00000, 0x00000000ef100000, 0x0000000100000000)
  eden space 32768K, 18% used [0x00000000eab00000,0x00000000eb1037f8,0x00000000ecb00000)
  from space 10752K, 35% used [0x00000000ed580000,0x00000000ed9347a8,0x00000000ee000000)
  to   space 10752K, 0% used [0x00000000ecb00000,0x00000000ecb00000,0x00000000ed580000)
 ParOldGen       total 64512K, used 9238K [0x00000000c0000000, 0x00000000c3f00000, 0x00000000eab00000)
  object space 64512K, 14% used [0x00000000c0000000,0x00000000c0905bc0,0x00000000c3f00000)
 Metaspace       used 24548K, capacity 24974K, committed 25136K, reserved 1071104K
  class space    used 3455K, capacity 3620K, committed 3632K, reserved 1048576K
GC Heap History (10 events):
Event: 3.855 GC heap before
{Heap before GC invocations=3 (full 0):
 PSYoungGen      total 38400K, used 38395K [0x00000000eab00000, 0x00000000ed580000, 0x0000000100000000)
  eden space 33280K, 100% used [0x00000000eab00000,0x00000000ecb80000,0x00000000ecb80000)
  from space 5120K, 99% used [0x00000000ed080000,0x00000000ed57ed50,0x00000000ed580000)
  to   space 5120K, 0% used [0x00000000ecb80000,0x00000000ecb80000,0x00000000ed080000)
 ParOldGen       total 87552K, used 56K [0x00000000c0000000, 0x00000000c5580000, 0x00000000eab00000)
  object space 87552K, 0% used [0x00000000c0000000,0x00000000c000e000,0x00000000c5580000)
 Metaspace       used 13387K, capacity 13762K, committed 14080K, reserved 1060864K
  class space    used 1926K, capacity 2037K, committed 2048K, reserved 1048576K
Event: 3.861 GC heap after
Heap after GC invocations=3 (full 0):
 PSYoungGen      total 38400K, used 5099K [0x00000000eab00000, 0x00000000ed580000, 0x0000000100000000)
  eden space 33280K, 0% used [0x00000000eab00000,0x00000000eab00000,0x00000000ecb80000)
  from space 5120K, 99% used [0x00000000ecb80000,0x00000000ed07ae30,0x00000000ed080000)
  to   space 5120K, 0% used [0x00000000ed080000,0x00000000ed080000,0x00000000ed580000)
 ParOldGen       total 87552K, used 2209K [0x00000000c0000000, 0x00000000c5580000, 0x00000000eab00000)
  object space 87552K, 2% used [0x00000000c0000000,0x00000000c0228418,0x00000000c5580000)
 Metaspace       used 13387K, capacity 13762K, committed 14080K, reserved 1060864K
  class space    used 1926K, capacity 2037K, committed 2048K, reserved 1048576K
}
Event: 5.043 GC heap before
{Heap before GC invocations=4 (full 0):
 PSYoungGen      total 38400K, used 38379K [0x00000000eab00000, 0x00000000ed580000, 0x0000000100000000)
  eden space 33280K, 100% used [0x00000000eab00000,0x00000000ecb80000,0x00000000ecb80000)
  from space 5120K, 99% used [0x00000000ecb80000,0x00000000ed07ae30,0x00000000ed080000)
  to   space 5120K, 0% used [0x00000000ed080000,0x00000000ed080000,0x00000000ed580000)
 ParOldGen       total 87552K, used 2209K [0x00000000c0000000, 0x00000000c5580000, 0x00000000eab00000)
  object space 87552K, 2% used [0x00000000c0000000,0x00000000c0228418,0x00000000c5580000)
 Metaspace       used 16278K, capacity 16624K, committed 16896K, reserved 1062912K
  class space    used 2404K, capacity 2526K, committed 2560K, reserved 1048576K
Event: 5.055 GC heap after
Heap after GC invocations=4 (full 0):
 PSYoungGen      total 38400K, used 5112K [0x00000000eab00000, 0x00000000ed580000, 0x0000000100000000)
  eden space 33280K, 0% used [0x00000000eab00000,0x00000000eab00000,0x00000000ecb80000)
  from space 5120K, 99% used [0x00000000ed080000,0x00000000ed57e030,0x00000000ed580000)
  to   space 5120K, 0% used [0x00000000ecb80000,0x00000000ecb80000,0x00000000ed080000)
 ParOldGen       total 87552K, used 5358K [0x00000000c0000000, 0x00000000c5580000, 0x00000000eab00000)
  object space 87552K, 6% used [0x00000000c0000000,0x00000000c053bbf8,0x00000000c5580000)
 Metaspace       used 16278K, capacity 16624K, committed 16896K, reserved 1062912K
  class space    used 2404K, capacity 2526K, committed 2560K, reserved 1048576K
}
Event: 5.777 GC heap before
{Heap before GC invocations=5 (full 0):
 PSYoungGen      total 38400K, used 31347K [0x00000000eab00000, 0x00000000ed580000, 0x0000000100000000)
  eden space 33280K, 78% used [0x00000000eab00000,0x00000000ec49ec80,0x00000000ecb80000)
  from space 5120K, 99% used [0x00000000ed080000,0x00000000ed57e030,0x00000000ed580000)
  to   space 5120K, 0% used [0x00000000ecb80000,0x00000000ecb80000,0x00000000ed080000)
 ParOldGen       total 87552K, used 5358K [0x00000000c0000000, 0x00000000c5580000, 0x00000000eab00000)
  object space 87552K, 6% used [0x00000000c0000000,0x00000000c053bbf8,0x00000000c5580000)
 Metaspace       used 20821K, capacity 21174K, committed 21296K, reserved 1067008K
  class space    used 2971K, capacity 3103K, committed 3120K, reserved 1048576K
Event: 5.788 GC heap after
Heap after GC invocations=5 (full 0):
 PSYoungGen      total 37888K, used 5096K [0x00000000eab00000, 0x00000000ee000000, 0x0000000100000000)
  eden space 32768K, 0% used [0x00000000eab00000,0x00000000eab00000,0x00000000ecb00000)
  from space 5120K, 99% used [0x00000000ecb80000,0x00000000ed07a050,0x00000000ed080000)
  to   space 10752K, 0% used [0x00000000ed580000,0x00000000ed580000,0x00000000ee000000)
 ParOldGen       total 87552K, used 9231K [0x00000000c0000000, 0x00000000c5580000, 0x00000000eab00000)
  object space 87552K, 10% used [0x00000000c0000000,0x00000000c0903db8,0x00000000c5580000)
 Metaspace       used 20821K, capacity 21174K, committed 21296K, reserved 1067008K
  class space    used 2971K, capacity 3103K, committed 3120K, reserved 1048576K
}
Event: 5.788 GC heap before
{Heap before GC invocations=6 (full 1):
 PSYoungGen      total 37888K, used 5096K [0x00000000eab00000, 0x00000000ee000000, 0x0000000100000000)
  eden space 32768K, 0% used [0x00000000eab00000,0x00000000eab00000,0x00000000ecb00000)
  from space 5120K, 99% used [0x00000000ecb80000,0x00000000ed07a050,0x00000000ed080000)
  to   space 10752K, 0% used [0x00000000ed580000,0x00000000ed580000,0x00000000ee000000)
 ParOldGen       total 87552K, used 9231K [0x00000000c0000000, 0x00000000c5580000, 0x00000000eab00000)
  object space 87552K, 10% used [0x00000000c0000000,0x00000000c0903db8,0x00000000c5580000)
 Metaspace       used 20821K, capacity 21174K, committed 21296K, reserved 1067008K
  class space    used 2971K, capacity 3103K, committed 3120K, reserved 1048576K
Event: 5.836 GC heap after
Heap after GC invocations=6 (full 1):
 PSYoungGen      total 37888K, used 0K [0x00000000eab00000, 0x00000000ee000000, 0x0000000100000000)
  eden space 32768K, 0% used [0x00000000eab00000,0x00000000eab00000,0x00000000ecb00000)
  from space 5120K, 0% used [0x00000000ecb80000,0x00000000ecb80000,0x00000000ed080000)
  to   space 10752K, 0% used [0x00000000ed580000,0x00000000ed580000,0x00000000ee000000)
 ParOldGen       total 64512K, used 9230K [0x00000000c0000000, 0x00000000c3f00000, 0x00000000eab00000)
  object space 64512K, 14% used [0x00000000c0000000,0x00000000c0903bc0,0x00000000c3f00000)
 Metaspace       used 20821K, capacity 21174K, committed 21296K, reserved 1067008K
  class space    used 2971K, capacity 3103K, committed 3120K, reserved 1048576K
}
Event: 6.466 GC heap before
{Heap before GC invocations=7 (full 1):
 PSYoungGen      total 37888K, used 32768K [0x00000000eab00000, 0x00000000ee000000, 0x0000000100000000)
  eden space 32768K, 100% used [0x00000000eab00000,0x00000000ecb00000,0x00000000ecb00000)
  from space 5120K, 0% used [0x00000000ecb80000,0x00000000ecb80000,0x00000000ed080000)
  to   space 10752K, 0% used [0x00000000ed580000,0x00000000ed580000,0x00000000ee000000)
 ParOldGen       total 64512K, used 9230K [0x00000000c0000000, 0x00000000c3f00000, 0x00000000eab00000)
  object space 64512K, 14% used [0x00000000c0000000,0x00000000c0903bc0,0x00000000c3f00000)
 Metaspace       used 24006K, capacity 24424K, committed 24880K, reserved 1071104K
  class space    used 3355K, capacity 3523K, committed 3632K, reserved 1048576K
Event: 6.474 GC heap after
Heap after GC invocations=7 (full 1):
 PSYoungGen      total 43520K, used 3793K [0x00000000eab00000, 0x00000000ef100000, 0x0000000100000000)
  eden space 32768K, 0% used [0x00000000eab00000,0x00000000eab00000,0x00000000ecb00000)
  from space 10752K, 35% used [0x00000000ed580000,0x00000000ed9347a8,0x00000000ee000000)
  to   space 10752K, 0% used [0x00000000ecb00000,0x00000000ecb00000,0x00000000ed580000)
 ParOldGen       total 64512K, used 9238K [0x00000000c0000000, 0x00000000c3f00000, 0x00000000eab00000)
  object space 64512K, 14% used [0x00000000c0000000,0x00000000c0905bc0,0x00000000c3f00000)
 Metaspace       used 24006K, capacity 24424K, committed 24880K, reserved 1071104K
  class space    used 3355K, capacity 3523K, committed 3632K, reserved 1048576K
}

