# JRE version: Java(TM) SE Runtime Environment (8.0_162-b12) (build 1.8.0_162-b12)
# Java VM: Java HotSpot(TM) 64-Bit Server VM (25.162-b12 mixed mode windows-amd64 compressed oops)
Heap:
 PSYoungGen      total 134144K, used 29385K [0x00000000eab00000, 0x00000000f6a00000, 0x0000000100000000)
  eden space 113664K, 25% used [0x00000000eab00000,0x00000000ec7b2558,0x00000000f1a00000)
  from space 20480K, 0% used [0x00000000f1a00000,0x00000000f1a00000,0x00000000f2e00000)
  to   space 24576K, 0% used [0x00000000f5200000,0x00000000f5200000,0x00000000f6a00000)
 ParOldGen       total 153088K, used 39863K [0x00000000c0000000, 0x00000000c9580000, 0x00000000eab00000)
  object space 153088K, 26% used [0x00000000c0000000,0x00000000c26eded8,0x00000000c9580000)
 Metaspace       used 58170K, capacity 59678K, committed 59928K, reserved 1101824K
  class space    used 8072K, capacity 8473K, committed 8496K, reserved 1048576K
GC Heap History (10 events):
Event: 18.680 GC heap before
{Heap before GC invocations=12 (full 2):
 PSYoungGen      total 87552K, used 76288K [0x00000000eab00000, 0x00000000f2000000, 0x0000000100000000)
  eden space 76288K, 100% used [0x00000000eab00000,0x00000000ef580000,0x00000000ef580000)
  from space 11264K, 0% used [0x00000000ef580000,0x00000000ef580000,0x00000000f0080000)
  to   space 11776K, 0% used [0x00000000f1480000,0x00000000f1480000,0x00000000f2000000)
 ParOldGen       total 98304K, used 16381K [0x00000000c0000000, 0x00000000c6000000, 0x00000000eab00000)
  object space 98304K, 16% used [0x00000000c0000000,0x00000000c0fff510,0x00000000c6000000)
 Metaspace       used 41561K, capacity 42202K, committed 42672K, reserved 1085440K
  class space    used 5751K, capacity 5984K, committed 6064K, reserved 1048576K
Event: 18.691 GC heap after
Heap after GC invocations=12 (full 2):
 PSYoungGen      total 106496K, used 11753K [0x00000000eab00000, 0x00000000f2300000, 0x0000000100000000)
  eden space 94720K, 0% used [0x00000000eab00000,0x00000000eab00000,0x00000000f0780000)
  from space 11776K, 99% used [0x00000000f1480000,0x00000000f1ffa6e8,0x00000000f2000000)
  to   space 13312K, 0% used [0x00000000f0780000,0x00000000f0780000,0x00000000f1480000)
 ParOldGen       total 98304K, used 16692K [0x00000000c0000000, 0x00000000c6000000, 0x00000000eab00000)
  object space 98304K, 16% used [0x00000000c0000000,0x00000000c104d298,0x00000000c6000000)
 Metaspace       used 41561K, capacity 42202K, committed 42672K, reserved 1085440K
  class space    used 5751K, capacity 5984K, committed 6064K, reserved 1048576K
}
Event: 20.980 GC heap before
{Heap before GC invocations=13 (full 2):
 PSYoungGen      total 106496K, used 106473K [0x00000000eab00000, 0x00000000f2300000, 0x0000000100000000)
  eden space 94720K, 100% used [0x00000000eab00000,0x00000000f0780000,0x00000000f0780000)
  from space 11776K, 99% used [0x00000000f1480000,0x00000000f1ffa6e8,0x00000000f2000000)
  to   space 13312K, 0% used [0x00000000f0780000,0x00000000f0780000,0x00000000f1480000)
 ParOldGen       total 98304K, used 16692K [0x00000000c0000000, 0x00000000c6000000, 0x00000000eab00000)
  object space 98304K, 16% used [0x00000000c0000000,0x00000000c104d298,0x00000000c6000000)
 Metaspace       used 47010K, capacity 48118K, committed 48432K, reserved 1091584K
  class space    used 6493K, capacity 6833K, committed 6960K, reserved 1048576K
Event: 20.994 GC heap after
Heap after GC invocations=13 (full 2):
 PSYoungGen      total 108032K, used 13311K [0x00000000eab00000, 0x00000000f3d80000, 0x0000000100000000)
  eden space 94720K, 0% used [0x00000000eab00000,0x00000000eab00000,0x00000000f0780000)
  from space 13312K, 99% used [0x00000000f0780000,0x00000000f147ff70,0x00000000f1480000)
  to   space 15872K, 0% used [0x00000000f2e00000,0x00000000f2e00000,0x00000000f3d80000)
 ParOldGen       total 98304K, used 18735K [0x00000000c0000000, 0x00000000c6000000, 0x00000000eab00000)
  object space 98304K, 19% used [0x00000000c0000000,0x00000000c124bd98,0x00000000c6000000)
 Metaspace       used 47010K, capacity 48118K, committed 48432K, reserved 1091584K
  class space    used 6493K, capacity 6833K, committed 6960K, reserved 1048576K
}
Event: 22.164 GC heap before
{Heap before GC invocations=14 (full 2):
 PSYoungGen      total 108032K, used 108031K [0x00000000eab00000, 0x00000000f3d80000, 0x0000000100000000)
  eden space 94720K, 100% used [0x00000000eab00000,0x00000000f0780000,0x00000000f0780000)
  from space 13312K, 99% used [0x00000000f0780000,0x00000000f147ff70,0x00000000f1480000)
  to   space 15872K, 0% used [0x00000000f2e00000,0x00000000f2e00000,0x00000000f3d80000)
 ParOldGen       total 98304K, used 18735K [0x00000000c0000000, 0x00000000c6000000, 0x00000000eab00000)
  object space 98304K, 19% used [0x00000000c0000000,0x00000000c124bd98,0x00000000c6000000)
 Metaspace       used 52439K, capacity 53806K, committed 54064K, reserved 1095680K
  class space    used 7335K, capacity 7719K, committed 7728K, reserved 1048576K
Event: 22.193 GC heap after
Heap after GC invocations=14 (full 2):
 PSYoungGen      total 129536K, used 15848K [0x00000000eab00000, 0x00000000f4c00000, 0x0000000100000000)
  eden space 113664K, 0% used [0x00000000eab00000,0x00000000eab00000,0x00000000f1a00000)
  from space 15872K, 99% used [0x00000000f2e00000,0x00000000f3d7a120,0x00000000f3d80000)
  to   space 20480K, 0% used [0x00000000f1a00000,0x00000000f1a00000,0x00000000f2e00000)
 ParOldGen       total 98304K, used 25964K [0x00000000c0000000, 0x00000000c6000000, 0x00000000eab00000)
  object space 98304K, 26% used [0x00000000c0000000,0x00000000c195b2c8,0x00000000c6000000)
 Metaspace       used 52439K, capacity 53806K, committed 54064K, reserved 1095680K
  class space    used 7335K, capacity 7719K, committed 7728K, reserved 1048576K
}
Event: 26.190 GC heap before
{Heap before GC invocations=15 (full 2):
 PSYoungGen      total 129536K, used 84548K [0x00000000eab00000, 0x00000000f4c00000, 0x0000000100000000)
  eden space 113664K, 60% used [0x00000000eab00000,0x00000000eee170d8,0x00000000f1a00000)
  from space 15872K, 99% used [0x00000000f2e00000,0x00000000f3d7a120,0x00000000f3d80000)
  to   space 20480K, 0% used [0x00000000f1a00000,0x00000000f1a00000,0x00000000f2e00000)
 ParOldGen       total 98304K, used 25964K [0x00000000c0000000, 0x00000000c6000000, 0x00000000eab00000)
  object space 98304K, 26% used [0x00000000c0000000,0x00000000c195b2c8,0x00000000c6000000)
 Metaspace       used 57576K, capacity 59014K, committed 59160K, reserved 1099776K
  class space    used 8016K, capacity 8431K, committed 8496K, reserved 1048576K
Event: 26.214 GC heap after
Heap after GC invocations=15 (full 2):
 PSYoungGen      total 134144K, used 20463K [0x00000000eab00000, 0x00000000f6a00000, 0x0000000100000000)
  eden space 113664K, 0% used [0x00000000eab00000,0x00000000eab00000,0x00000000f1a00000)
  from space 20480K, 99% used [0x00000000f1a00000,0x00000000f2dfbdd8,0x00000000f2e00000)
  to   space 24576K, 0% used [0x00000000f5200000,0x00000000f5200000,0x00000000f6a00000)
 ParOldGen       total 98304K, used 29376K [0x00000000c0000000, 0x00000000c6000000, 0x00000000eab00000)
  object space 98304K, 29% used [0x00000000c0000000,0x00000000c1cb03d0,0x00000000c6000000)
 Metaspace       used 57576K, capacity 59014K, committed 59160K, reserved 1099776K
  class space    used 8016K, capacity 8431K, committed 8496K, reserved 1048576K
}
Event: 26.214 GC heap before
{Heap before GC invocations=16 (full 3):
 PSYoungGen      total 134144K, used 20463K [0x00000000eab00000, 0x00000000f6a00000, 0x0000000100000000)
  eden space 113664K, 0% used [0x00000000eab00000,0x00000000eab00000,0x00000000f1a00000)
  from space 20480K, 99% used [0x00000000f1a00000,0x00000000f2dfbdd8,0x00000000f2e00000)
  to   space 24576K, 0% used [0x00000000f5200000,0x00000000f5200000,0x00000000f6a00000)
 ParOldGen       total 98304K, used 29376K [0x00000000c0000000, 0x00000000c6000000, 0x00000000eab00000)
  object space 98304K, 29% used [0x00000000c0000000,0x00000000c1cb03d0,0x00000000c6000000)
 Metaspace       used 57576K, capacity 59014K, committed 59160K, reserved 1099776K
  class space    used 8016K, capacity 8431K, committed 8496K, reserved 1048576K
Event: 26.479 GC heap after
Heap after GC invocations=16 (full 3):
 PSYoungGen      total 134144K, used 0K [0x00000000eab00000, 0x00000000f6a00000, 0x0000000100000000)
  eden space 113664K, 0% used [0x00000000eab00000,0x00000000eab00000,0x00000000f1a00000)
  from space 20480K, 0% used [0x00000000f1a00000,0x00000000f1a00000,0x00000000f2e00000)
  to   space 24576K, 0% used [0x00000000f5200000,0x00000000f5200000,0x00000000f6a00000)
 ParOldGen       total 153088K, used 39863K [0x00000000c0000000, 0x00000000c9580000, 0x00000000eab00000)
  object space 153088K, 26% used [0x00000000c0000000,0x00000000c26eded8,0x00000000c9580000)
 Metaspace       used 57576K, capacity 59014K, committed 59160K, reserved 1099776K
  class space    used 8016K, capacity 8431K, committed 8496K, reserved 1048576K
}

