# JRE version: Java(TM) SE Runtime Environment (8.0_162-b12) (build 1.8.0_162-b12)
# Java VM: Java HotSpot(TM) 64-Bit Server VM (25.162-b12 mixed mode windows-amd64 compressed oops)
Heap:
 PSYoungGen      total 120832K, used 47845K [0x00000000eab00000, 0x00000000f3b80000, 0x0000000100000000)
  eden space 108032K, 36% used [0x00000000eab00000,0x00000000ed12d1f8,0x00000000f1480000)
  from space 12800K, 68% used [0x00000000f1480000,0x00000000f1d0c510,0x00000000f2100000)
  to   space 12800K, 0% used [0x00000000f2f00000,0x00000000f2f00000,0x00000000f3b80000)
 ParOldGen       total 100864K, used 25729K [0x00000000c0000000, 0x00000000c6280000, 0x00000000eab00000)
  object space 100864K, 25% used [0x00000000c0000000,0x00000000c19204f0,0x00000000c6280000)
 Metaspace       used 50312K, capacity 51460K, committed 51632K, reserved 1093632K
  class space    used 6972K, capacity 7305K, committed 7344K, reserved 1048576K
GC Heap History (10 events):
Event: 9.059 GC heap before
{Heap before GC invocations=9 (full 1):
 PSYoungGen      total 70656K, used 66859K [0x00000000eab00000, 0x00000000f1100000, 0x0000000100000000)
  eden space 59904K, 100% used [0x00000000eab00000,0x00000000ee580000,0x00000000ee580000)
  from space 10752K, 64% used [0x00000000ee580000,0x00000000eec4ac60,0x00000000ef000000)
  to   space 10752K, 0% used [0x00000000f0680000,0x00000000f0680000,0x00000000f1100000)
 ParOldGen       total 62976K, used 9182K [0x00000000c0000000, 0x00000000c3d80000, 0x00000000eab00000)
  object space 62976K, 14% used [0x00000000c0000000,0x00000000c08f7980,0x00000000c3d80000)
 Metaspace       used 30513K, capacity 30954K, committed 31152K, reserved 1075200K
  class space    used 4334K, capacity 4506K, committed 4528K, reserved 1048576K
Event: 9.072 GC heap after
Heap after GC invocations=9 (full 1):
 PSYoungGen      total 93184K, used 9054K [0x00000000eab00000, 0x00000000f1c00000, 0x0000000100000000)
  eden space 82432K, 0% used [0x00000000eab00000,0x00000000eab00000,0x00000000efb80000)
  from space 10752K, 84% used [0x00000000f0680000,0x00000000f0f579d8,0x00000000f1100000)
  to   space 11264K, 0% used [0x00000000efb80000,0x00000000efb80000,0x00000000f0680000)
 ParOldGen       total 62976K, used 9190K [0x00000000c0000000, 0x00000000c3d80000, 0x00000000eab00000)
  object space 62976K, 14% used [0x00000000c0000000,0x00000000c08f9980,0x00000000c3d80000)
 Metaspace       used 30513K, capacity 30954K, committed 31152K, reserved 1075200K
  class space    used 4334K, capacity 4506K, committed 4528K, reserved 1048576K
}
Event: 10.129 GC heap before
{Heap before GC invocations=10 (full 1):
 PSYoungGen      total 93184K, used 36162K [0x00000000eab00000, 0x00000000f1c00000, 0x0000000100000000)
  eden space 82432K, 32% used [0x00000000eab00000,0x00000000ec579090,0x00000000efb80000)
  from space 10752K, 84% used [0x00000000f0680000,0x00000000f0f579d8,0x00000000f1100000)
  to   space 11264K, 0% used [0x00000000efb80000,0x00000000efb80000,0x00000000f0680000)
 ParOldGen       total 62976K, used 9190K [0x00000000c0000000, 0x00000000c3d80000, 0x00000000eab00000)
  object space 62976K, 14% used [0x00000000c0000000,0x00000000c08f9980,0x00000000c3d80000)
 Metaspace       used 34649K, capacity 35250K, committed 35496K, reserved 1079296K
  class space    used 4878K, capacity 5107K, committed 5168K, reserved 1048576K
Event: 10.144 GC heap after
Heap after GC invocations=10 (full 1):
 PSYoungGen      total 93696K, used 7727K [0x00000000eab00000, 0x00000000f2d80000, 0x0000000100000000)
  eden space 82432K, 0% used [0x00000000eab00000,0x00000000eab00000,0x00000000efb80000)
  from space 11264K, 68% used [0x00000000efb80000,0x00000000f030bdf0,0x00000000f0680000)
  to   space 11264K, 0% used [0x00000000f2280000,0x00000000f2280000,0x00000000f2d80000)
 ParOldGen       total 62976K, used 10958K [0x00000000c0000000, 0x00000000c3d80000, 0x00000000eab00000)
  object space 62976K, 17% used [0x00000000c0000000,0x00000000c0ab3a00,0x00000000c3d80000)
 Metaspace       used 34649K, capacity 35250K, committed 35496K, reserved 1079296K
  class space    used 4878K, capacity 5107K, committed 5168K, reserved 1048576K
}
Event: 10.144 GC heap before
{Heap before GC invocations=11 (full 2):
 PSYoungGen      total 93696K, used 7727K [0x00000000eab00000, 0x00000000f2d80000, 0x0000000100000000)
  eden space 82432K, 0% used [0x00000000eab00000,0x00000000eab00000,0x00000000efb80000)
  from space 11264K, 68% used [0x00000000efb80000,0x00000000f030bdf0,0x00000000f0680000)
  to   space 11264K, 0% used [0x00000000f2280000,0x00000000f2280000,0x00000000f2d80000)
 ParOldGen       total 62976K, used 10958K [0x00000000c0000000, 0x00000000c3d80000, 0x00000000eab00000)
  object space 62976K, 17% used [0x00000000c0000000,0x00000000c0ab3a00,0x00000000c3d80000)
 Metaspace       used 34649K, capacity 35250K, committed 35496K, reserved 1079296K
  class space    used 4878K, capacity 5107K, committed 5168K, reserved 1048576K
Event: 10.292 GC heap after
Heap after GC invocations=11 (full 2):
 PSYoungGen      total 93696K, used 0K [0x00000000eab00000, 0x00000000f2d80000, 0x0000000100000000)
  eden space 82432K, 0% used [0x00000000eab00000,0x00000000eab00000,0x00000000efb80000)
  from space 11264K, 0% used [0x00000000efb80000,0x00000000efb80000,0x00000000f0680000)
  to   space 11264K, 0% used [0x00000000f2280000,0x00000000f2280000,0x00000000f2d80000)
 ParOldGen       total 100864K, used 16226K [0x00000000c0000000, 0x00000000c6280000, 0x00000000eab00000)
  object space 100864K, 16% used [0x00000000c0000000,0x00000000c0fd8a60,0x00000000c6280000)
 Metaspace       used 34649K, capacity 35250K, committed 35496K, reserved 1079296K
  class space    used 4878K, capacity 5107K, committed 5168K, reserved 1048576K
}
Event: 11.817 GC heap before
{Heap before GC invocations=12 (full 2):
 PSYoungGen      total 93696K, used 82432K [0x00000000eab00000, 0x00000000f2d80000, 0x0000000100000000)
  eden space 82432K, 100% used [0x00000000eab00000,0x00000000efb80000,0x00000000efb80000)
  from space 11264K, 0% used [0x00000000efb80000,0x00000000efb80000,0x00000000f0680000)
  to   space 11264K, 0% used [0x00000000f2280000,0x00000000f2280000,0x00000000f2d80000)
 ParOldGen       total 100864K, used 16226K [0x00000000c0000000, 0x00000000c6280000, 0x00000000eab00000)
  object space 100864K, 16% used [0x00000000c0000000,0x00000000c0fd8a60,0x00000000c6280000)
 Metaspace       used 41483K, capacity 42276K, committed 42672K, reserved 1085440K
  class space    used 5742K, capacity 6007K, committed 6064K, reserved 1048576K
Event: 11.836 GC heap after
Heap after GC invocations=12 (full 2):
 PSYoungGen      total 111616K, used 11256K [0x00000000eab00000, 0x00000000f2d80000, 0x0000000100000000)
  eden space 100352K, 0% used [0x00000000eab00000,0x00000000eab00000,0x00000000f0d00000)
  from space 11264K, 99% used [0x00000000f2280000,0x00000000f2d7e070,0x00000000f2d80000)
  to   space 12800K, 0% used [0x00000000f1480000,0x00000000f1480000,0x00000000f2100000)
 ParOldGen       total 100864K, used 17956K [0x00000000c0000000, 0x00000000c6280000, 0x00000000eab00000)
  object space 100864K, 17% used [0x00000000c0000000,0x00000000c11890f8,0x00000000c6280000)
 Metaspace       used 41483K, capacity 42276K, committed 42672K, reserved 1085440K
  class space    used 5742K, capacity 6007K, committed 6064K, reserved 1048576K
}
Event: 14.210 GC heap before
{Heap before GC invocations=13 (full 2):
 PSYoungGen      total 111616K, used 111608K [0x00000000eab00000, 0x00000000f2d80000, 0x0000000100000000)
  eden space 100352K, 100% used [0x00000000eab00000,0x00000000f0d00000,0x00000000f0d00000)
  from space 11264K, 99% used [0x00000000f2280000,0x00000000f2d7e070,0x00000000f2d80000)
  to   space 12800K, 0% used [0x00000000f1480000,0x00000000f1480000,0x00000000f2100000)
 ParOldGen       total 100864K, used 17956K [0x00000000c0000000, 0x00000000c6280000, 0x00000000eab00000)
  object space 100864K, 17% used [0x00000000c0000000,0x00000000c11890f8,0x00000000c6280000)
 Metaspace       used 47563K, capacity 48562K, committed 48688K, reserved 1091584K
  class space    used 6582K, capacity 6915K, committed 6960K, reserved 1048576K
Event: 14.238 GC heap after
Heap after GC invocations=13 (full 2):
 PSYoungGen      total 120832K, used 8753K [0x00000000eab00000, 0x00000000f3b80000, 0x0000000100000000)
  eden space 108032K, 0% used [0x00000000eab00000,0x00000000eab00000,0x00000000f1480000)
  from space 12800K, 68% used [0x00000000f1480000,0x00000000f1d0c510,0x00000000f2100000)
  to   space 12800K, 0% used [0x00000000f2f00000,0x00000000f2f00000,0x00000000f3b80000)
 ParOldGen       total 100864K, used 25729K [0x00000000c0000000, 0x00000000c6280000, 0x00000000eab00000)
  object space 100864K, 25% used [0x00000000c0000000,0x00000000c19204f0,0x00000000c6280000)
 Metaspace       used 47563K, capacity 48562K, committed 48688K, reserved 1091584K
  class space    used 6582K, capacity 6915K, committed 6960K, reserved 1048576K
}

